Called on machine 'ip-172-17-18-222' with: ../datagen/gen_sim_data.py basePath ../2ddata_sim/ reset 1 saveuni 1 gui 0
Saving to ../2ddata_sim/sim_1000/, 1000
Random seed 3327295042
Buoyancy: [+0.000000,-0.000287,+0.000000], factor 0.9577502639056094
0.041565708712993615
0.041565708712993615
0.041565708712993615
0.041565708712993615
0.041565708712993615
0 centre [+142.663910,+117.836746,+0.500000] radius 10.640821430526366 other [+0.992974,+0.954344,+1.000000]
0.042130732490632476
0.042130732490632476
0.042130732490632476
0.042130732490632476
0.042130732490632476
1 centre [+113.676674,+61.760529,+0.500000] radius 10.785467517601914 other [+1.001924,+1.020620,+1.000000]
0.042098579739612334
0.042098579739612334
0.042098579739612334
0.042098579739612334
0.042098579739612334
2 centre [+127.727127,+147.025726,+0.500000] radius 10.777236413340757 other [+0.964347,+1.010635,+1.000000]
0.042653299186460956
0.042653299186460956
0.042653299186460956
0.042653299186460956
0.042653299186460956
3 centre [+110.413162,+137.370667,+0.500000] radius 10.919244591734005 other [+0.981374,+0.958450,+1.000000]
0.043796353024362814
0.043796353024362814
0.043796353024362814
0.043796353024362814
0.043796353024362814
4 centre [+116.391342,+178.065125,+0.500000] radius 11.21186637423688 other [+0.970963,+1.043983,+1.000000]
0.042971343327499134
0.042971343327499134
0.042971343327499134
0.042971343327499134
0.042971343327499134
5 centre [+169.761978,+126.115639,+0.500000] radius 11.000663891839778 other [+1.046644,+0.991533,+1.000000]
0.07997927425205953
0.07997927425205953
0.07997927425205953
0.07997927425205953
0.07997927425205953
6 centre [+169.910461,+78.405762,+0.500000] radius 20.47469420852724 other [+0.970430,+1.020994,+1.000000]
0.12660981896152015
0.12660981896152015
0.12660981896152015
0.12660981896152015
0.12660981896152015
7 centre [+117.828751,+132.769897,+0.500000] radius 32.41211365414916 other [+1.034814,+1.045812,+1.000000]
0.11445400788086897
0.11445400788086897
0.11445400788086897
0.11445400788086897
0.11445400788086897
8 centre [+104.238495,+151.565063,+0.500000] radius 29.300226017502457 other [+0.973186,+0.971767,+1.000000]
0.04007408192070443
0.04007408192070443
0.04007408192070443
0.04007408192070443
0.04007408192070443
9 centre [+144.743195,+80.809471,+0.500000] radius 10.258964971700333 other [+1.018816,+0.996837,+1.000000]
0.043290428758975194
0.043290428758975194
0.043290428758975194
0.043290428758975194
0.043290428758975194
10 centre [+156.755707,+63.461060,+0.500000] radius 11.08234976229765 other [+0.955365,+0.984907,+1.000000]
0.05577892384027688
0.05577892384027688
0.05577892384027688
0.05577892384027688
0.05577892384027688
11 centre [+146.158173,+123.754318,+0.500000] radius 14.27940450311088 other [+0.951174,+0.951714,+1.000000]
IniVel Pos [+0.207602,+0.548884,+0.714011], size 0.11106721556178734, vel [+1.027747,-0.397545,-0.651574]
IniVel Pos [+0.323968,+0.282763,+0.262329], size 0.08153516203183833, vel [+0.580000,+0.864657,+1.443356]
Current sim time t: 0.0 
Current sim time t: 1.0 
Current sim time t: 2.0 
Current sim time t: 3.0 
Current sim time t: 4.0 
Current sim time t: 5.0 
Current sim time t: 6.0 
Current sim time t: 7.0 
Current sim time t: 8.0 
Current sim time t: 9.0 
Current sim time t: 10.0 
Current sim time t: 11.0 
Current sim time t: 12.0 
Current sim time t: 13.0 
Current sim time t: 14.0 
Current sim time t: 15.0 
Current sim time t: 16.0 
Current sim time t: 17.0 
Current sim time t: 18.0 
Current sim time t: 19.0 
Current sim time t: 20.0 
Writing NPZs for frame 0
Writing UNIs for frame 0
Writing ppms for frame 0
Current sim time t: 21.0 
Writing NPZs for frame 1
Writing UNIs for frame 1
Writing ppms for frame 1
Current sim time t: 22.0 
Writing NPZs for frame 2
Writing UNIs for frame 2
Writing ppms for frame 2
Current sim time t: 23.0 
Writing NPZs for frame 3
Writing UNIs for frame 3
Writing ppms for frame 3
Current sim time t: 24.0 
Writing NPZs for frame 4
Writing UNIs for frame 4
Writing ppms for frame 4
Current sim time t: 25.0 
Writing NPZs for frame 5
Writing UNIs for frame 5
Writing ppms for frame 5
Current sim time t: 26.0 
Writing NPZs for frame 6
Writing UNIs for frame 6
Writing ppms for frame 6
Current sim time t: 27.0 
Writing NPZs for frame 7
Writing UNIs for frame 7
Writing ppms for frame 7
Current sim time t: 28.0 
Writing NPZs for frame 8
Writing UNIs for frame 8
Writing ppms for frame 8
Current sim time t: 29.0 
Writing NPZs for frame 9
Writing UNIs for frame 9
Writing ppms for frame 9
Current sim time t: 30.0 
Writing NPZs for frame 10
Writing UNIs for frame 10
Writing ppms for frame 10
Current sim time t: 31.0 
Writing NPZs for frame 11
Writing UNIs for frame 11
Writing ppms for frame 11
Current sim time t: 32.0 
Writing NPZs for frame 12
Writing UNIs for frame 12
Writing ppms for frame 12
Current sim time t: 33.0 
Writing NPZs for frame 13
Writing UNIs for frame 13
Writing ppms for frame 13
Current sim time t: 34.0 
Writing NPZs for frame 14
Writing UNIs for frame 14
Writing ppms for frame 14
Current sim time t: 35.0 
Writing NPZs for frame 15
Writing UNIs for frame 15
Writing ppms for frame 15
Current sim time t: 36.0 
Writing NPZs for frame 16
Writing UNIs for frame 16
Writing ppms for frame 16
Current sim time t: 37.0 
Writing NPZs for frame 17
Writing UNIs for frame 17
Writing ppms for frame 17
Current sim time t: 38.0 
Writing NPZs for frame 18
Writing UNIs for frame 18
Writing ppms for frame 18
Current sim time t: 39.0 
Writing NPZs for frame 19
Writing UNIs for frame 19
Writing ppms for frame 19
Current sim time t: 40.0 
Writing NPZs for frame 20
Writing UNIs for frame 20
Writing ppms for frame 20
Current sim time t: 41.0 
Writing NPZs for frame 21
Writing UNIs for frame 21
Writing ppms for frame 21
Current sim time t: 42.0 
Writing NPZs for frame 22
Writing UNIs for frame 22
Writing ppms for frame 22
Current sim time t: 43.0 
Writing NPZs for frame 23
Writing UNIs for frame 23
Writing ppms for frame 23
Current sim time t: 44.0 
Writing NPZs for frame 24
Writing UNIs for frame 24
Writing ppms for frame 24
Current sim time t: 45.0 
Writing NPZs for frame 25
Writing UNIs for frame 25
Writing ppms for frame 25
Current sim time t: 46.0 
Writing NPZs for frame 26
Writing UNIs for frame 26
Writing ppms for frame 26
Current sim time t: 47.0 
Writing NPZs for frame 27
Writing UNIs for frame 27
Writing ppms for frame 27
Current sim time t: 48.0 
Writing NPZs for frame 28
Writing UNIs for frame 28
Writing ppms for frame 28
Current sim time t: 49.0 
Writing NPZs for frame 29
Writing UNIs for frame 29
Writing ppms for frame 29
Current sim time t: 50.0 
Writing NPZs for frame 30
Writing UNIs for frame 30
Writing ppms for frame 30
Current sim time t: 51.0 
Writing NPZs for frame 31
Writing UNIs for frame 31
Writing ppms for frame 31
Current sim time t: 52.0 
Writing NPZs for frame 32
Writing UNIs for frame 32
Writing ppms for frame 32
Current sim time t: 53.0 
Writing NPZs for frame 33
Writing UNIs for frame 33
Writing ppms for frame 33
Current sim time t: 54.0 
Writing NPZs for frame 34
Writing UNIs for frame 34
Writing ppms for frame 34
Current sim time t: 55.0 
Writing NPZs for frame 35
Writing UNIs for frame 35
Writing ppms for frame 35
Current sim time t: 56.0 
Writing NPZs for frame 36
Writing UNIs for frame 36
Writing ppms for frame 36
Current sim time t: 57.0 
Writing NPZs for frame 37
Writing UNIs for frame 37
Writing ppms for frame 37
Current sim time t: 58.0 
Writing NPZs for frame 38
Writing UNIs for frame 38
Writing ppms for frame 38
Current sim time t: 59.0 
Writing NPZs for frame 39
Writing UNIs for frame 39
Writing ppms for frame 39
Current sim time t: 60.0 
Writing NPZs for frame 40
Writing UNIs for frame 40
Writing ppms for frame 40
Current sim time t: 61.0 
Writing NPZs for frame 41
Writing UNIs for frame 41
Writing ppms for frame 41
Current sim time t: 62.0 
Writing NPZs for frame 42
Writing UNIs for frame 42
Writing ppms for frame 42
Current sim time t: 63.0 
Writing NPZs for frame 43
Writing UNIs for frame 43
Writing ppms for frame 43
Current sim time t: 64.0 
Writing NPZs for frame 44
Writing UNIs for frame 44
Writing ppms for frame 44
Current sim time t: 65.0 
Writing NPZs for frame 45
Writing UNIs for frame 45
Writing ppms for frame 45
Current sim time t: 66.0 
Writing NPZs for frame 46
Writing UNIs for frame 46
Writing ppms for frame 46
Current sim time t: 67.0 
Writing NPZs for frame 47
Writing UNIs for frame 47
Writing ppms for frame 47
Current sim time t: 68.0 
Writing NPZs for frame 48
Writing UNIs for frame 48
Writing ppms for frame 48
Current sim time t: 69.0 
Writing NPZs for frame 49
Writing UNIs for frame 49
Writing ppms for frame 49
Current sim time t: 70.0 
Writing NPZs for frame 50
Writing UNIs for frame 50
Writing ppms for frame 50
Current sim time t: 71.0 
Writing NPZs for frame 51
Writing UNIs for frame 51
Writing ppms for frame 51
Current sim time t: 72.0 
Writing NPZs for frame 52
Writing UNIs for frame 52
Writing ppms for frame 52
Current sim time t: 73.0 
Writing NPZs for frame 53
Writing UNIs for frame 53
Writing ppms for frame 53
Current sim time t: 74.0 
Writing NPZs for frame 54
Writing UNIs for frame 54
Writing ppms for frame 54
Current sim time t: 75.0 
Writing NPZs for frame 55
Writing UNIs for frame 55
Writing ppms for frame 55
Current sim time t: 76.0 
Writing NPZs for frame 56
Writing UNIs for frame 56
Writing ppms for frame 56
Current sim time t: 77.0 
Writing NPZs for frame 57
Writing UNIs for frame 57
Writing ppms for frame 57
Current sim time t: 78.0 
Writing NPZs for frame 58
Writing UNIs for frame 58
Writing ppms for frame 58
Current sim time t: 79.0 
Writing NPZs for frame 59
Writing UNIs for frame 59
Writing ppms for frame 59
Current sim time t: 80.0 
Writing NPZs for frame 60
Writing UNIs for frame 60
Writing ppms for frame 60
Current sim time t: 81.0 
Writing NPZs for frame 61
Writing UNIs for frame 61
Writing ppms for frame 61
Current sim time t: 82.0 
Writing NPZs for frame 62
Writing UNIs for frame 62
Writing ppms for frame 62
Current sim time t: 83.0 
Writing NPZs for frame 63
Writing UNIs for frame 63
Writing ppms for frame 63
Current sim time t: 84.0 
Writing NPZs for frame 64
Writing UNIs for frame 64
Writing ppms for frame 64
Current sim time t: 85.0 
Writing NPZs for frame 65
Writing UNIs for frame 65
Writing ppms for frame 65
Current sim time t: 86.0 
Writing NPZs for frame 66
Writing UNIs for frame 66
Writing ppms for frame 66
Current sim time t: 87.0 
Writing NPZs for frame 67
Writing UNIs for frame 67
Writing ppms for frame 67
Current sim time t: 88.0 
Writing NPZs for frame 68
Writing UNIs for frame 68
Writing ppms for frame 68
Current sim time t: 89.0 
Writing NPZs for frame 69
Writing UNIs for frame 69
Writing ppms for frame 69
Current sim time t: 90.0 
Writing NPZs for frame 70
Writing UNIs for frame 70
Writing ppms for frame 70
Current sim time t: 91.0 
Writing NPZs for frame 71
Writing UNIs for frame 71
Writing ppms for frame 71
Current sim time t: 92.0 
Writing NPZs for frame 72
Writing UNIs for frame 72
Writing ppms for frame 72
Current sim time t: 93.0 
Writing NPZs for frame 73
Writing UNIs for frame 73
Writing ppms for frame 73
Current sim time t: 94.0 
Writing NPZs for frame 74
Writing UNIs for frame 74
Writing ppms for frame 74
Current sim time t: 95.0 
Writing NPZs for frame 75
Writing UNIs for frame 75
Writing ppms for frame 75
Current sim time t: 96.0 
Writing NPZs for frame 76
Writing UNIs for frame 76
Writing ppms for frame 76
Current sim time t: 97.0 
Writing NPZs for frame 77
Writing UNIs for frame 77
Writing ppms for frame 77
Current sim time t: 98.0 
Writing NPZs for frame 78
Writing UNIs for frame 78
Writing ppms for frame 78
Current sim time t: 99.0 
Writing NPZs for frame 79
Writing UNIs for frame 79
Writing ppms for frame 79
Current sim time t: 100.0 
Writing NPZs for frame 80
Writing UNIs for frame 80
Writing ppms for frame 80
Current sim time t: 101.0 
Writing NPZs for frame 81
Writing UNIs for frame 81
Writing ppms for frame 81
Current sim time t: 102.0 
Writing NPZs for frame 82
Writing UNIs for frame 82
Writing ppms for frame 82
Current sim time t: 103.0 
Writing NPZs for frame 83
Writing UNIs for frame 83
Writing ppms for frame 83
Current sim time t: 104.0 
Writing NPZs for frame 84
Writing UNIs for frame 84
Writing ppms for frame 84
Current sim time t: 105.0 
Writing NPZs for frame 85
Writing UNIs for frame 85
Writing ppms for frame 85
Current sim time t: 106.0 
Writing NPZs for frame 86
Writing UNIs for frame 86
Writing ppms for frame 86
Current sim time t: 107.0 
Writing NPZs for frame 87
Writing UNIs for frame 87
Writing ppms for frame 87
Current sim time t: 108.0 
Writing NPZs for frame 88
Writing UNIs for frame 88
Writing ppms for frame 88
Current sim time t: 109.0 
Writing NPZs for frame 89
Writing UNIs for frame 89
Writing ppms for frame 89
Current sim time t: 110.0 
Writing NPZs for frame 90
Writing UNIs for frame 90
Writing ppms for frame 90
Current sim time t: 111.0 
Writing NPZs for frame 91
Writing UNIs for frame 91
Writing ppms for frame 91
Current sim time t: 112.0 
Writing NPZs for frame 92
Writing UNIs for frame 92
Writing ppms for frame 92
Current sim time t: 113.0 
Writing NPZs for frame 93
Writing UNIs for frame 93
Writing ppms for frame 93
Current sim time t: 114.0 
Writing NPZs for frame 94
Writing UNIs for frame 94
Writing ppms for frame 94
Current sim time t: 115.0 
Writing NPZs for frame 95
Writing UNIs for frame 95
Writing ppms for frame 95
Current sim time t: 116.0 
Writing NPZs for frame 96
Writing UNIs for frame 96
Writing ppms for frame 96
Current sim time t: 117.0 
Writing NPZs for frame 97
Writing UNIs for frame 97
Writing ppms for frame 97
Current sim time t: 118.0 
Writing NPZs for frame 98
Writing UNIs for frame 98
Writing ppms for frame 98
Current sim time t: 119.0 
Writing NPZs for frame 99
Writing UNIs for frame 99
Writing ppms for frame 99
Current sim time t: 120.0 
Writing NPZs for frame 100
Writing UNIs for frame 100
Writing ppms for frame 100
Current sim time t: 121.0 
Writing NPZs for frame 101
Writing UNIs for frame 101
Writing ppms for frame 101
Current sim time t: 122.0 
Writing NPZs for frame 102
Writing UNIs for frame 102
Writing ppms for frame 102
Current sim time t: 123.0 
Writing NPZs for frame 103
Writing UNIs for frame 103
Writing ppms for frame 103
Current sim time t: 124.0 
Writing NPZs for frame 104
Writing UNIs for frame 104
Writing ppms for frame 104
Current sim time t: 125.0 
Writing NPZs for frame 105
Writing UNIs for frame 105
Writing ppms for frame 105
Current sim time t: 126.0 
Writing NPZs for frame 106
Writing UNIs for frame 106
Writing ppms for frame 106
Current sim time t: 127.0 
Writing NPZs for frame 107
Writing UNIs for frame 107
Writing ppms for frame 107
Current sim time t: 128.0 
Writing NPZs for frame 108
Writing UNIs for frame 108
Writing ppms for frame 108
Current sim time t: 129.0 
Writing NPZs for frame 109
Writing UNIs for frame 109
Writing ppms for frame 109
Current sim time t: 130.0 
Writing NPZs for frame 110
Writing UNIs for frame 110
Writing ppms for frame 110
Current sim time t: 131.0 
Writing NPZs for frame 111
Writing UNIs for frame 111
Writing ppms for frame 111
Current sim time t: 132.0 
Writing NPZs for frame 112
Writing UNIs for frame 112
Writing ppms for frame 112
Current sim time t: 133.0 
Writing NPZs for frame 113
Writing UNIs for frame 113
Writing ppms for frame 113
Current sim time t: 134.0 
Writing NPZs for frame 114
Writing UNIs for frame 114
Writing ppms for frame 114
Current sim time t: 135.0 
Writing NPZs for frame 115
Writing UNIs for frame 115
Writing ppms for frame 115
Current sim time t: 136.0 
Writing NPZs for frame 116
Writing UNIs for frame 116
Writing ppms for frame 116
Current sim time t: 137.0 
Writing NPZs for frame 117
Writing UNIs for frame 117
Writing ppms for frame 117
Current sim time t: 138.0 
Writing NPZs for frame 118
Writing UNIs for frame 118
Writing ppms for frame 118
Current sim time t: 139.0 
Writing NPZs for frame 119
Writing UNIs for frame 119
Writing ppms for frame 119
Current sim time t: 140.0 
Writing NPZs for frame 120
Writing UNIs for frame 120
Writing ppms for frame 120
Current sim time t: 141.0 
Writing NPZs for frame 121
Writing UNIs for frame 121
Writing ppms for frame 121
Current sim time t: 142.0 
Writing NPZs for frame 122
Writing UNIs for frame 122
Writing ppms for frame 122
Current sim time t: 143.0 
Writing NPZs for frame 123
Writing UNIs for frame 123
Writing ppms for frame 123
Current sim time t: 144.0 
Writing NPZs for frame 124
Writing UNIs for frame 124
Writing ppms for frame 124
Current sim time t: 145.0 
Writing NPZs for frame 125
Writing UNIs for frame 125
Writing ppms for frame 125
Current sim time t: 146.0 
Writing NPZs for frame 126
Writing UNIs for frame 126
Writing ppms for frame 126
Current sim time t: 147.0 
Writing NPZs for frame 127
Writing UNIs for frame 127
Writing ppms for frame 127
Current sim time t: 148.0 
Writing NPZs for frame 128
Writing UNIs for frame 128
Writing ppms for frame 128
Current sim time t: 149.0 
Writing NPZs for frame 129
Writing UNIs for frame 129
Writing ppms for frame 129
Current sim time t: 150.0 
Writing NPZs for frame 130
Writing UNIs for frame 130
Writing ppms for frame 130
Current sim time t: 151.0 
Writing NPZs for frame 131
Writing UNIs for frame 131
Writing ppms for frame 131
Current sim time t: 152.0 
Writing NPZs for frame 132
Writing UNIs for frame 132
Writing ppms for frame 132
Current sim time t: 153.0 
Writing NPZs for frame 133
Writing UNIs for frame 133
Writing ppms for frame 133
Current sim time t: 154.0 
Writing NPZs for frame 134
Writing UNIs for frame 134
Writing ppms for frame 134
Current sim time t: 155.0 
Writing NPZs for frame 135
Writing UNIs for frame 135
Writing ppms for frame 135
Current sim time t: 156.0 
Writing NPZs for frame 136
Writing UNIs for frame 136
Writing ppms for frame 136
Current sim time t: 157.0 
Writing NPZs for frame 137
Writing UNIs for frame 137
Writing ppms for frame 137
Current sim time t: 158.0 
Writing NPZs for frame 138
Writing UNIs for frame 138
Writing ppms for frame 138
Current sim time t: 159.0 
Writing NPZs for frame 139
Writing UNIs for frame 139
Writing ppms for frame 139
Current sim time t: 160.0 
Writing NPZs for frame 140
Writing UNIs for frame 140
Writing ppms for frame 140
Current sim time t: 161.0 
Writing NPZs for frame 141
Writing UNIs for frame 141
Writing ppms for frame 141
Current sim time t: 162.0 
Writing NPZs for frame 142
Writing UNIs for frame 142
Writing ppms for frame 142
Current sim time t: 163.0 
Writing NPZs for frame 143
Writing UNIs for frame 143
Writing ppms for frame 143
Current sim time t: 164.0 
Writing NPZs for frame 144
Writing UNIs for frame 144
Writing ppms for frame 144
Current sim time t: 165.0 
Writing NPZs for frame 145
Writing UNIs for frame 145
Writing ppms for frame 145
Current sim time t: 166.0 
Writing NPZs for frame 146
Writing UNIs for frame 146
Writing ppms for frame 146
Current sim time t: 167.0 
Writing NPZs for frame 147
Writing UNIs for frame 147
Writing ppms for frame 147
Current sim time t: 168.0 
Writing NPZs for frame 148
Writing UNIs for frame 148
Writing ppms for frame 148
Current sim time t: 169.0 
Writing NPZs for frame 149
Writing UNIs for frame 149
Writing ppms for frame 149
Current sim time t: 170.0 
Writing NPZs for frame 150
Writing UNIs for frame 150
Writing ppms for frame 150
Current sim time t: 171.0 
Writing NPZs for frame 151
Writing UNIs for frame 151
Writing ppms for frame 151
Current sim time t: 172.0 
Writing NPZs for frame 152
Writing UNIs for frame 152
Writing ppms for frame 152
Current sim time t: 173.0 
Writing NPZs for frame 153
Writing UNIs for frame 153
Writing ppms for frame 153
Current sim time t: 174.0 
Writing NPZs for frame 154
Writing UNIs for frame 154
Writing ppms for frame 154
Current sim time t: 175.0 
Writing NPZs for frame 155
Writing UNIs for frame 155
Writing ppms for frame 155
Current sim time t: 176.0 
Writing NPZs for frame 156
Writing UNIs for frame 156
Writing ppms for frame 156
Current sim time t: 177.0 
Writing NPZs for frame 157
Writing UNIs for frame 157
Writing ppms for frame 157
Current sim time t: 178.0 
Writing NPZs for frame 158
Writing UNIs for frame 158
Writing ppms for frame 158
Current sim time t: 179.0 
Writing NPZs for frame 159
Writing UNIs for frame 159
Writing ppms for frame 159
Current sim time t: 180.0 
Writing NPZs for frame 160
Writing UNIs for frame 160
Writing ppms for frame 160
Current sim time t: 181.0 
Writing NPZs for frame 161
Writing UNIs for frame 161
Writing ppms for frame 161
Current sim time t: 182.0 
Writing NPZs for frame 162
Writing UNIs for frame 162
Writing ppms for frame 162
Current sim time t: 183.0 
Writing NPZs for frame 163
Writing UNIs for frame 163
Writing ppms for frame 163
Current sim time t: 184.0 
Writing NPZs for frame 164
Writing UNIs for frame 164
Writing ppms for frame 164
Current sim time t: 185.0 
Writing NPZs for frame 165
Writing UNIs for frame 165
Writing ppms for frame 165
Current sim time t: 186.0 
Writing NPZs for frame 166
Writing UNIs for frame 166
Writing ppms for frame 166
Current sim time t: 187.0 
Writing NPZs for frame 167
Writing UNIs for frame 167
Writing ppms for frame 167
Current sim time t: 188.0 
Writing NPZs for frame 168
Writing UNIs for frame 168
Writing ppms for frame 168
Current sim time t: 189.0 
Writing NPZs for frame 169
Writing UNIs for frame 169
Writing ppms for frame 169
Current sim time t: 190.0 
Writing NPZs for frame 170
Writing UNIs for frame 170
Writing ppms for frame 170
Current sim time t: 191.0 
Writing NPZs for frame 171
Writing UNIs for frame 171
Writing ppms for frame 171
Current sim time t: 192.0 
Writing NPZs for frame 172
Writing UNIs for frame 172
Writing ppms for frame 172
Current sim time t: 193.0 
Writing NPZs for frame 173
Writing UNIs for frame 173
Writing ppms for frame 173
Current sim time t: 194.0 
Writing NPZs for frame 174
Writing UNIs for frame 174
Writing ppms for frame 174
Current sim time t: 195.0 
Writing NPZs for frame 175
Writing UNIs for frame 175
Writing ppms for frame 175
Current sim time t: 196.0 
Writing NPZs for frame 176
Writing UNIs for frame 176
Writing ppms for frame 176
Current sim time t: 197.0 
Writing NPZs for frame 177
Writing UNIs for frame 177
Writing ppms for frame 177
Current sim time t: 198.0 
Writing NPZs for frame 178
Writing UNIs for frame 178
Writing ppms for frame 178
Current sim time t: 199.0 
Writing NPZs for frame 179
Writing UNIs for frame 179
Writing ppms for frame 179
Current sim time t: 200.0 
Writing NPZs for frame 180
Writing UNIs for frame 180
Writing ppms for frame 180
Current sim time t: 201.0 
Writing NPZs for frame 181
Writing UNIs for frame 181
Writing ppms for frame 181
Current sim time t: 202.0 
Writing NPZs for frame 182
Writing UNIs for frame 182
Writing ppms for frame 182
Current sim time t: 203.0 
Writing NPZs for frame 183
Writing UNIs for frame 183
Writing ppms for frame 183
Current sim time t: 204.0 
Writing NPZs for frame 184
Writing UNIs for frame 184
Writing ppms for frame 184
Current sim time t: 205.0 
Writing NPZs for frame 185
Writing UNIs for frame 185
Writing ppms for frame 185
Current sim time t: 206.0 
Writing NPZs for frame 186
Writing UNIs for frame 186
Writing ppms for frame 186
Current sim time t: 207.0 
Writing NPZs for frame 187
Writing UNIs for frame 187
Writing ppms for frame 187
Current sim time t: 208.0 
Writing NPZs for frame 188
Writing UNIs for frame 188
Writing ppms for frame 188
Current sim time t: 209.0 
Writing NPZs for frame 189
Writing UNIs for frame 189
Writing ppms for frame 189
Current sim time t: 210.0 
Writing NPZs for frame 190
Writing UNIs for frame 190
Writing ppms for frame 190
Current sim time t: 211.0 
Writing NPZs for frame 191
Writing UNIs for frame 191
Writing ppms for frame 191
Current sim time t: 212.0 
Writing NPZs for frame 192
Writing UNIs for frame 192
Writing ppms for frame 192
Current sim time t: 213.0 
Writing NPZs for frame 193
Writing UNIs for frame 193
Writing ppms for frame 193
Current sim time t: 214.0 
Writing NPZs for frame 194
Writing UNIs for frame 194
Writing ppms for frame 194
Current sim time t: 215.0 
Writing NPZs for frame 195
Writing UNIs for frame 195
Writing ppms for frame 195
Current sim time t: 216.0 
Writing NPZs for frame 196
Writing UNIs for frame 196
Writing ppms for frame 196
Current sim time t: 217.0 
Writing NPZs for frame 197
Writing UNIs for frame 197
Writing ppms for frame 197
Current sim time t: 218.0 
Writing NPZs for frame 198
Writing UNIs for frame 198
Writing ppms for frame 198
Current sim time t: 219.0 
Writing NPZs for frame 199
Writing UNIs for frame 199
Writing ppms for frame 199
